  1  210.0933 1.2589 wind-a0.005_rlen250000_r2
  2  210.0968 1.3107 wind-a0.05_rlen10000_r2
  3  210.0973 1.2589 wind-a0.005_rlen1000000_r2
  4  210.0990 1.2589 wind-a0.03_rlen1000000_r2
  5  210.1009 1.2589 wind-a0.02_rlen1000000_r2
  6  210.1010 1.2589 wind-a0.01_rlen1000000_r2
  7  210.1022 1.2589 wind-a0.005_rlen500000_r2
  8  210.1092 1.2589 wind-a0.04_rlen1000000_r2
  9  210.1097 1.2589 wind-a0.005_rlen100000_r2
 10  210.1103 1.2589 wind-a0.01_rlen250000_r2
 11  210.1476 1.2589 wind-a0.05_rlen1000000_r2
 12  210.1618 1.2589 wind-a0.03_rlen50000_r2
 13  210.1697 1.2589 wind-a0.03_rlen250000_r2
 14  210.1720 1.2589 wind-a0.05_rlen50000_r2
 15  210.1729 1.2589 wind-a0.02_rlen250000_r2
 16  210.1751 1.2589 wind-a0.01_rlen100000_r2
 17  210.1847 1.2589 wind-a0.04_rlen500000_r2
 18  210.1887 1.2589 wind-a0.04_rlen250000_r2
 19  210.1893 1.2589 wind-a0.05_rlen500000_r2
 20  210.2045 1.2589 wind-a0.04_rlen50000_r2
 21  210.2063 1.3107 wind-a0.03_rlen10000_r2
 22  210.2111 1.3107 wind-a0.04_rlen10000_r2
 23  210.2243 1.2589 wind-a0.02_rlen100000_r2
 24  210.2250 1.2589 wind-a0.05_rlen100000_r2
 25  210.2264 1.2589 wind-a0.01_rlen50000_r2
 26  210.2429 1.2589 wind-a0.02_rlen50000_r2
 27  210.2547 1.2589 wind-a0.04_rlen100000_r2
 28  210.2622 1.2589 wind-a0.03_rlen100000_r2
 29  210.3975 1.3107 wind-a0.02_rlen10000_r2
 30  210.9273 1.3107 wind-a0.05_rlen250000_r2
 31  210.9657 1.3107 wind-a0.01_rlen500000_r2
 32  210.9812 1.2589 wind-a0.005_rlen50000_r2
 33  211.0044 1.3107 wind-a0.03_rlen500000_r2
 34  211.0131 1.3107 wind-a0.02_rlen500000_r2
 35  212.3859 1.2589 wind-a0.01_rlen10000_r2
 36  213.3645 1.2071 wind-a0.005_rlen10000_r2
