191.010037 195.816101
190.631022 190.725062
190.555153 190.595447
190.556954 190.637127
190.554387 190.562148
190.558299 190.558299

190.704118 191.979387
190.553498 190.657637
190.550745 190.546275
190.545219 190.553208
190.560762 190.560762
190.558589 190.558589

190.843771 191.002670
190.569599 190.565977
190.560265 190.562541
190.547454 190.547454
190.550973 190.550973
190.551221 190.551221

190.842446 190.853208
190.549027 190.572434
190.544950 190.544950
190.561527 190.561527
190.549400 190.549400
190.555629 190.555629

190.821420 190.882719
190.589238 190.599897
190.534872 190.534872
190.536300 190.536300
190.547579 190.547579
190.556436 190.556436

190.795137 190.786196
190.674669 190.665956
190.550807 190.550807
190.543005 190.543005
190.553228 190.553228
190.553125 190.553125

