  1  190.5349 1.0690 wind-a0.04_rlen100000_r3
  1  190.5349 1.0690 wind-a0.04_rlen100000_r2
  3  190.5363 1.0690 wind-a0.04_rlen250000_r2
  3  190.5363 1.0690 wind-a0.04_rlen250000_r3
  5  190.5430 1.0690 wind-a0.05_rlen250000_r2
  5  190.5430 1.0690 wind-a0.05_rlen250000_r3
  7  190.5450 1.0690 wind-a0.03_rlen100000_r2
  7  190.5450 1.1381 wind-a0.03_rlen100000_r3
  9  190.5452 1.0690 wind-a0.01_rlen250000_r2
 10  190.5463 1.0690 wind-a0.01_rlen100000_r3
 11  190.5475 1.0690 wind-a0.02_rlen250000_r3
 11  190.5475 1.0690 wind-a0.02_rlen250000_r2
 13  190.5476 1.1381 wind-a0.04_rlen500000_r2
 13  190.5476 1.0690 wind-a0.04_rlen500000_r3
 15  190.5490 1.0690 wind-a0.03_rlen50000_r2
 16  190.5494 1.0690 wind-a0.03_rlen500000_r2
 16  190.5494 1.0690 wind-a0.03_rlen500000_r3
 18  190.5508 1.0690 wind-a0.01_rlen100000_r2
 19  190.5508 1.0690 wind-a0.05_rlen100000_r2
 19  190.5508 1.0690 wind-a0.05_rlen100000_r3
 21  190.5510 1.0690 wind-a0.02_rlen500000_r3
 21  190.5510 1.0690 wind-a0.02_rlen500000_r2
 23  190.5512 1.0690 wind-a0.02_rlen1000000_r3
 23  190.5512 1.0690 wind-a0.02_rlen1000000_r2
 25  190.5531 1.0690 wind-a0.05_rlen1000000_r2
 25  190.5531 1.0690 wind-a0.05_rlen1000000_r3
 27  190.5532 1.1381 wind-a0.01_rlen250000_r3
 28  190.5532 1.0690 wind-a0.05_rlen500000_r3
 28  190.5532 1.0690 wind-a0.05_rlen500000_r2
 30  190.5535 1.1381 wind-a0.01_rlen50000_r2
 31  190.5544 1.1381 wind-a0.005_rlen500000_r2
 32  190.5552 1.0690 wind-a0.005_rlen100000_r2
 33  190.5556 1.0690 wind-a0.03_rlen1000000_r3
 33  190.5556 1.0690 wind-a0.03_rlen1000000_r2
 35  190.5564 1.0690 wind-a0.04_rlen1000000_r3
 35  190.5564 1.0690 wind-a0.04_rlen1000000_r2
 37  190.5570 1.0690 wind-a0.005_rlen250000_r2
 38  190.5583 1.0690 wind-a0.005_rlen1000000_r2
 38  190.5583 1.0690 wind-a0.005_rlen1000000_r3
 40  190.5586 1.0690 wind-a0.01_rlen1000000_r2
 40  190.5586 1.0690 wind-a0.01_rlen1000000_r3
 42  190.5603 1.0690 wind-a0.02_rlen100000_r2
 43  190.5608 1.0690 wind-a0.01_rlen500000_r2
 43  190.5608 1.0690 wind-a0.01_rlen500000_r3
 45  190.5615 1.0690 wind-a0.03_rlen250000_r2
 45  190.5615 1.0690 wind-a0.03_rlen250000_r3
 47  190.5621 1.0690 wind-a0.005_rlen500000_r3
 48  190.5625 1.1381 wind-a0.02_rlen100000_r3
 49  190.5660 1.0690 wind-a0.02_rlen50000_r3
 50  190.5696 1.0690 wind-a0.02_rlen50000_r2
 51  190.5724 1.0690 wind-a0.03_rlen50000_r3
 52  190.5892 1.0690 wind-a0.04_rlen50000_r2
 53  190.5954 1.0690 wind-a0.005_rlen100000_r3
 54  190.5999 1.0690 wind-a0.04_rlen50000_r3
 55  190.6310 1.0690 wind-a0.005_rlen50000_r2
 56  190.6371 1.0690 wind-a0.005_rlen250000_r3
 57  190.6576 1.0690 wind-a0.01_rlen50000_r3
 58  190.6660 1.0690 wind-a0.05_rlen50000_r3
 59  190.6747 1.0690 wind-a0.05_rlen50000_r2
 60  190.7041 1.0690 wind-a0.01_rlen10000_r2
 61  190.7251 1.1381 wind-a0.005_rlen50000_r3
 62  190.7862 1.0690 wind-a0.05_rlen10000_r3
 63  190.7951 1.0690 wind-a0.05_rlen10000_r2
 64  190.8214 1.0690 wind-a0.04_rlen10000_r2
 65  190.8425 1.0690 wind-a0.03_rlen10000_r2
 66  190.8438 1.0690 wind-a0.02_rlen10000_r2
 67  190.8532 1.0690 wind-a0.03_rlen10000_r3
 68  190.8827 1.0690 wind-a0.04_rlen10000_r3
 69  191.0027 1.0690 wind-a0.02_rlen10000_r3
 70  191.0100 1.1036 wind-a0.005_rlen10000_r2
 71  191.9794 1.0690 wind-a0.01_rlen10000_r3
 72  195.8161 1.0690 wind-a0.005_rlen10000_r3
