1.103553 1.069036
1.069036 1.138071
1.069036 1.069036
1.069036 1.069036
1.138071 1.069036
1.069036 1.069036

1.069036 1.069036
1.138071 1.069036
1.069036 1.069036
1.069036 1.138071
1.069036 1.069036
1.069036 1.069036

1.069036 1.069036
1.069036 1.069036
1.069036 1.138071
1.069036 1.069036
1.069036 1.069036
1.069036 1.069036

1.069036 1.069036
1.069036 1.069036
1.069036 1.138071
1.069036 1.069036
1.069036 1.069036
1.069036 1.069036

1.069036 1.069036
1.069036 1.069036
1.069036 1.069036
1.069036 1.069036
1.138071 1.069036
1.069036 1.069036

1.069036 1.069036
1.069036 1.069036
1.069036 1.069036
1.069036 1.069036
1.069036 1.069036
1.069036 1.069036

