170.631447 177.238142 181.058071 183.975786
166.193139 170.793284 173.675869 176.406540
165.934054 167.414435 171.593564 172.897082
165.809944 166.584240 166.625145 168.758754
164.819091 165.494805 167.122351 166.181623
164.766391 164.978218 165.606923 166.944630

168.199886 174.206912 177.819019 180.437666
166.032430 167.712635 171.450352 173.570333
165.817477 166.232543 167.241267 169.369423
166.555422 165.912748 165.818367 166.685296
166.522144 164.905888 166.078332 166.172879
164.528622 164.836393 165.312407 166.567291

166.514632 169.697868 174.991805 177.707057
165.709975 166.384478 166.277359 170.548665
165.077359 165.854418 165.514238 166.734913
164.866018 165.523272 165.480515 165.576666
164.908878 164.875849 164.977049 165.591029
164.732378 164.719381 164.910151 164.881529

165.951832 168.236869 172.770012 175.725973
164.980598 166.262221 166.867343 169.343108
164.701428 166.065232 165.436569 166.017726
164.930484 165.705877 164.954025 165.473251
164.741442 164.836724 165.463535 164.957688
164.926531 164.722134 164.900103 164.901842

165.923272 167.300010 171.225724 174.209189
165.981416 165.601366 165.528580 167.094133
165.214580 165.575993 166.282202 165.602297
164.935161 164.853529 164.852266 165.567425
164.936258 164.932150 164.884261 164.885803
164.889011 164.720830 164.866391 164.876604

166.554501 167.093522 169.944205 173.392384
165.096182 165.687283 165.417146 166.776945
164.541091 165.689901 165.448779 165.582906
164.932181 164.868843 164.870530 165.575714
164.936020 164.934623 164.854336 164.865201
164.935524 164.723282 164.858061 164.858133

