  1  164.5286 1.1539 wind-a0.01_rlen1000000_r2
  2  164.5411 1.1420 wind-a0.05_rlen100000_r2
  3  164.7014 1.1420 wind-a0.03_rlen100000_r2
  4  164.7194 1.1657 wind-a0.02_rlen1000000_r3
  5  164.7208 1.1657 wind-a0.04_rlen1000000_r3
  6  164.7221 1.1539 wind-a0.03_rlen1000000_r3
  7  164.7233 1.1539 wind-a0.05_rlen1000000_r3
  8  164.7324 1.1539 wind-a0.02_rlen1000000_r2
  9  164.7414 1.1420 wind-a0.03_rlen500000_r2
 10  164.7664 1.1539 wind-a0.005_rlen1000000_r2
 11  164.8191 1.1657 wind-a0.005_rlen500000_r2
 12  164.8364 1.1539 wind-a0.01_rlen1000000_r3
 13  164.8367 1.1302 wind-a0.03_rlen500000_r3
 14  164.8523 1.1183 wind-a0.04_rlen250000_r4
 15  164.8535 1.1183 wind-a0.04_rlen250000_r3
 16  164.8543 1.1183 wind-a0.05_rlen500000_r4
 17  164.8581 1.1183 wind-a0.05_rlen1000000_r4
 18  164.8581 1.1183 wind-a0.05_rlen1000000_r5
 19  164.8652 1.1183 wind-a0.05_rlen500000_r5
 20  164.8660 1.1302 wind-a0.02_rlen250000_r2
 21  164.8664 1.1183 wind-a0.04_rlen1000000_r4
 22  164.8688 1.1183 wind-a0.05_rlen250000_r3
 23  164.8705 1.1183 wind-a0.05_rlen250000_r4
 24  164.8759 1.1183 wind-a0.02_rlen500000_r3
 25  164.8766 1.1183 wind-a0.04_rlen1000000_r5
 26  164.8815 1.1539 wind-a0.02_rlen1000000_r5
 27  164.8843 1.1183 wind-a0.04_rlen500000_r4
 28  164.8858 1.1183 wind-a0.04_rlen500000_r5
 29  164.8890 1.1302 wind-a0.04_rlen1000000_r2
 30  164.9001 1.1183 wind-a0.03_rlen1000000_r4
 31  164.9018 1.1183 wind-a0.03_rlen1000000_r5
 32  164.9059 1.1183 wind-a0.01_rlen500000_r3
 33  164.9089 1.1302 wind-a0.02_rlen500000_r2
 34  164.9102 1.1183 wind-a0.02_rlen1000000_r4
 35  164.9265 1.1302 wind-a0.03_rlen1000000_r2
 36  164.9305 1.1302 wind-a0.03_rlen250000_r2
 37  164.9321 1.1302 wind-a0.04_rlen500000_r3
 38  164.9322 1.1302 wind-a0.05_rlen250000_r2
 39  164.9346 1.1302 wind-a0.05_rlen500000_r3
 40  164.9352 1.1302 wind-a0.04_rlen250000_r2
 41  164.9355 1.1302 wind-a0.05_rlen1000000_r2
 42  164.9360 1.1302 wind-a0.05_rlen500000_r2
 43  164.9363 1.1302 wind-a0.04_rlen500000_r2
 44  164.9540 1.1183 wind-a0.03_rlen250000_r4
 45  164.9577 1.1183 wind-a0.03_rlen500000_r5
 46  164.9771 1.1183 wind-a0.02_rlen500000_r4
 47  164.9782 1.1539 wind-a0.005_rlen1000000_r3
 48  164.9806 1.1302 wind-a0.03_rlen50000_r2
 49  165.0774 1.1420 wind-a0.02_rlen100000_r2
 50  165.0962 1.1657 wind-a0.05_rlen50000_r2
 51  165.2146 1.1539 wind-a0.04_rlen100000_r2
 52  165.3124 1.1183 wind-a0.01_rlen1000000_r4
 53  165.4171 1.0947 wind-a0.05_rlen50000_r4
 54  165.4366 1.0237 wind-a0.03_rlen100000_r4
 55  165.4488 1.0828 wind-a0.05_rlen100000_r4
 56  165.4635 1.1420 wind-a0.03_rlen500000_r4
 57  165.4733 1.0828 wind-a0.03_rlen250000_r5
 58  165.4805 1.0828 wind-a0.02_rlen250000_r4
 59  165.4948 1.0947 wind-a0.005_rlen500000_r3
 60  165.5142 1.0355 wind-a0.02_rlen100000_r4
 61  165.5233 1.1539 wind-a0.02_rlen250000_r3
 62  165.5286 1.0592 wind-a0.04_rlen50000_r4
 63  165.5674 1.0710 wind-a0.04_rlen250000_r5
 64  165.5757 1.0710 wind-a0.05_rlen250000_r5
 65  165.5760 1.0947 wind-a0.04_rlen100000_r3
 66  165.5767 1.0710 wind-a0.02_rlen250000_r5
 67  165.5829 1.0710 wind-a0.05_rlen100000_r5
 68  165.5910 1.0710 wind-a0.02_rlen500000_r5
 69  165.6014 1.0828 wind-a0.04_rlen50000_r3
 70  165.6023 1.0710 wind-a0.04_rlen100000_r5
 71  165.6069 1.0710 wind-a0.005_rlen1000000_r4
 72  165.6873 1.0828 wind-a0.05_rlen50000_r3
 73  165.6899 1.0828 wind-a0.05_rlen100000_r3
 74  165.7059 1.0828 wind-a0.03_rlen250000_r3
 75  165.7100 1.0710 wind-a0.02_rlen50000_r2
 76  165.8099 1.0592 wind-a0.005_rlen250000_r2
 77  165.8175 1.0592 wind-a0.01_rlen100000_r2
 78  165.8184 1.0473 wind-a0.01_rlen250000_r4
 79  165.8544 1.0710 wind-a0.02_rlen100000_r3
 80  165.9128 1.0947 wind-a0.01_rlen250000_r3
 81  165.9233 1.0828 wind-a0.04_rlen10000_r2
 82  165.9341 1.0473 wind-a0.005_rlen100000_r2
 83  165.9518 1.0237 wind-a0.03_rlen10000_r2
 84  165.9814 1.1183 wind-a0.04_rlen50000_r2
 85  166.0177 1.0473 wind-a0.03_rlen100000_r5
 86  166.0324 1.0473 wind-a0.01_rlen50000_r2
 87  166.0652 1.1302 wind-a0.03_rlen100000_r3
 88  166.0783 1.0710 wind-a0.01_rlen500000_r4
 89  166.1729 1.0592 wind-a0.01_rlen500000_r5
 90  166.1816 1.0473 wind-a0.005_rlen500000_r5
 91  166.1931 1.0473 wind-a0.005_rlen50000_r2
 92  166.2325 1.0710 wind-a0.01_rlen100000_r3
 93  166.2622 1.1302 wind-a0.03_rlen50000_r3
 94  166.2774 1.0710 wind-a0.02_rlen50000_r4
 95  166.2822 1.1302 wind-a0.04_rlen100000_r4
 96  166.3845 1.1302 wind-a0.02_rlen50000_r3
 97  166.5146 1.0473 wind-a0.02_rlen10000_r2
 98  166.5221 1.0355 wind-a0.01_rlen500000_r2
 99  166.5545 1.0473 wind-a0.05_rlen10000_r2
100  166.5554 1.0237 wind-a0.01_rlen250000_r2
101  166.5673 1.0355 wind-a0.01_rlen1000000_r5
102  166.5842 1.0355 wind-a0.005_rlen250000_r3
103  166.6252 1.0473 wind-a0.005_rlen250000_r4
104  166.6853 1.0592 wind-a0.01_rlen250000_r5
105  166.7349 1.0473 wind-a0.02_rlen100000_r5
106  166.7769 1.0592 wind-a0.05_rlen50000_r5
107  166.8673 1.0947 wind-a0.03_rlen50000_r4
108  166.9446 1.0355 wind-a0.005_rlen1000000_r5
109  167.0935 1.0473 wind-a0.05_rlen10000_r3
110  167.0941 1.0710 wind-a0.04_rlen50000_r5
111  167.1223 1.0473 wind-a0.005_rlen500000_r4
112  167.2413 1.0947 wind-a0.01_rlen100000_r4
113  167.3000 1.0828 wind-a0.04_rlen10000_r3
114  167.4144 1.0592 wind-a0.005_rlen100000_r3
115  167.7126 1.0710 wind-a0.01_rlen50000_r3
116  168.1999 1.1065 wind-a0.01_rlen10000_r2
117  168.2369 1.1065 wind-a0.03_rlen10000_r3
118  168.7588 1.0710 wind-a0.005_rlen250000_r5
119  169.3431 1.0828 wind-a0.03_rlen50000_r5
120  169.3694 1.0947 wind-a0.01_rlen100000_r5
121  169.6979 1.1065 wind-a0.02_rlen10000_r3
122  169.9442 1.1183 wind-a0.05_rlen10000_r4
123  170.5487 1.0947 wind-a0.02_rlen50000_r5
124  170.6315 1.1183 wind-a0.005_rlen10000_r2
125  170.7933 1.0828 wind-a0.005_rlen50000_r3
126  171.2257 1.0947 wind-a0.04_rlen10000_r4
127  171.4503 1.1183 wind-a0.01_rlen50000_r4
128  171.5936 1.0828 wind-a0.005_rlen100000_r4
129  172.7700 1.1183 wind-a0.03_rlen10000_r4
130  172.8971 1.1302 wind-a0.005_rlen100000_r5
131  173.3924 1.1065 wind-a0.05_rlen10000_r5
132  173.5703 1.1420 wind-a0.01_rlen50000_r5
133  173.6759 1.1539 wind-a0.005_rlen50000_r4
134  174.2069 1.1420 wind-a0.01_rlen10000_r3
135  174.2092 1.1302 wind-a0.04_rlen10000_r5
136  174.9918 1.1539 wind-a0.02_rlen10000_r4
137  175.7260 1.1539 wind-a0.03_rlen10000_r5
138  176.4065 1.1420 wind-a0.005_rlen50000_r5
139  177.2381 1.1539 wind-a0.005_rlen10000_r3
140  177.7071 1.1539 wind-a0.02_rlen10000_r5
141  177.8190 1.1539 wind-a0.01_rlen10000_r4
142  180.4377 1.1420 wind-a0.01_rlen10000_r5
143  181.0581 1.1302 wind-a0.005_rlen10000_r4
144  183.9758 1.1420 wind-a0.005_rlen10000_r5
