1.118347 1.153851 1.130181 1.142016
1.047339 1.082843 1.153851 1.142016
1.047339 1.059173 1.082843 1.130181
1.059173 1.035504 1.047339 1.071008
1.165686 1.094678 1.047339 1.047339
1.153851 1.153851 1.071008 1.035504

1.106512 1.142016 1.153851 1.142016
1.047339 1.071008 1.118347 1.142016
1.059173 1.071008 1.094677 1.094678
1.023669 1.094678 1.047339 1.059173
1.035504 1.118347 1.071008 1.059173
1.153851 1.153851 1.118347 1.035504

1.047339 1.106512 1.153851 1.153851
1.071008 1.130182 1.071008 1.094678
1.142016 1.071008 1.035504 1.047339
1.130181 1.153851 1.082843 1.071008
1.130181 1.118347 1.118347 1.071008
1.153851 1.165686 1.118347 1.153851

1.023669 1.106512 1.118347 1.153851
1.130181 1.130182 1.094677 1.082843
1.142016 1.130182 1.023669 1.047339
1.130181 1.082843 1.118347 1.082843
1.142016 1.130181 1.142016 1.118347
1.130181 1.153851 1.118347 1.118347

1.082843 1.082843 1.094678 1.130181
1.118347 1.082843 1.059173 1.071008
1.153851 1.094678 1.130182 1.071008
1.130181 1.118347 1.118347 1.071008
1.130181 1.130181 1.118347 1.118347
1.130181 1.165686 1.118347 1.118347

1.047339 1.047339 1.118347 1.106512
1.165685 1.082843 1.094678 1.059173
1.142016 1.082843 1.082843 1.071008
1.130181 1.118347 1.118347 1.071008
1.130181 1.130181 1.118347 1.118347
1.130181 1.153851 1.118347 1.118347

