181.059002 185.454160 189.582657
180.218564 180.713618 182.489921
180.046751 180.232761 180.853974
180.015915 180.108009 180.235969
180.015356 180.041577 180.080401
180.017632 180.000890 180.032906

180.512376 182.773200 186.073738
180.148593 180.273572 180.872020
180.008692 180.057761 180.271420
180.005940 180.120178 180.059478
180.015190 180.015190 180.044723
180.014611 180.265998 180.033796

180.416908 180.912107 183.455070
180.129367 180.194185 180.349234
180.140273 180.147930 180.089590
180.006498 180.006498 180.032678
180.006084 180.006084 180.029532
180.008278 180.008278 180.015998

180.267860 180.648696 182.306664
180.155877 180.214425 180.257099
180.023179 180.037355 180.112355
180.006436 180.034251 180.007161
180.033899 180.033899 180.035824
180.005360 180.005360 180.005360

180.543005 180.741763 181.380464
180.188742 180.245820 180.212707
180.045985 180.043191 180.078891
180.008382 180.011693 180.046813
180.005484 180.095964 179.847889
180.009065 180.009065 179.928684

180.458009 180.766556 181.176221
180.161113 180.210679 180.228746
180.087810 180.157347 180.070571
180.019992 180.019992 180.019992
180.010327 180.010327 180.010327
180.000807 180.000807 180.047951

