  1  179.8479 1.1243 wind-a0.04_rlen500000_r4
  2  179.9287 1.1450 wind-a0.04_rlen1000000_r4
  3  180.0008 1.1657 wind-a0.05_rlen1000000_r2
  3  180.0008 1.1657 wind-a0.05_rlen1000000_r3
  5  180.0009 1.1657 wind-a0.005_rlen1000000_r3
  6  180.0054 1.1657 wind-a0.03_rlen1000000_r4
  6  180.0054 1.1657 wind-a0.03_rlen1000000_r3
  6  180.0054 1.1657 wind-a0.03_rlen1000000_r2
  9  180.0055 1.1657 wind-a0.04_rlen500000_r2
 10  180.0059 1.1657 wind-a0.01_rlen250000_r2
 11  180.0061 1.1657 wind-a0.02_rlen500000_r2
 11  180.0061 1.1657 wind-a0.02_rlen500000_r3
 13  180.0064 1.1657 wind-a0.03_rlen250000_r2
 14  180.0065 1.1657 wind-a0.02_rlen250000_r2
 14  180.0065 1.1657 wind-a0.02_rlen250000_r3
 16  180.0072 1.1864 wind-a0.03_rlen250000_r4
 17  180.0083 1.1657 wind-a0.02_rlen1000000_r2
 17  180.0083 1.1657 wind-a0.02_rlen1000000_r3
 19  180.0084 1.1864 wind-a0.04_rlen250000_r2
 20  180.0087 1.1657 wind-a0.01_rlen100000_r2
 21  180.0091 1.1657 wind-a0.04_rlen1000000_r2
 21  180.0091 1.1657 wind-a0.04_rlen1000000_r3
 23  180.0103 1.1657 wind-a0.05_rlen500000_r2
 23  180.0103 1.1657 wind-a0.05_rlen500000_r4
 23  180.0103 1.1657 wind-a0.05_rlen500000_r3
 26  180.0117 1.1864 wind-a0.04_rlen250000_r3
 27  180.0146 1.1657 wind-a0.01_rlen1000000_r2
 28  180.0152 1.1657 wind-a0.01_rlen500000_r2
 28  180.0152 1.1657 wind-a0.01_rlen500000_r3
 30  180.0154 1.1657 wind-a0.005_rlen500000_r2
 31  180.0159 1.1657 wind-a0.005_rlen250000_r2
 32  180.0160 1.1657 wind-a0.02_rlen1000000_r4
 33  180.0176 1.1657 wind-a0.005_rlen1000000_r2
 34  180.0200 1.1864 wind-a0.05_rlen250000_r2
 34  180.0200 1.1864 wind-a0.05_rlen250000_r3
 34  180.0200 1.1864 wind-a0.05_rlen250000_r4
 37  180.0232 1.1864 wind-a0.03_rlen100000_r2
 38  180.0295 1.1657 wind-a0.02_rlen500000_r4
 39  180.0327 1.1864 wind-a0.02_rlen250000_r4
 40  180.0329 1.1864 wind-a0.005_rlen1000000_r4
 41  180.0338 1.1657 wind-a0.01_rlen1000000_r4
 42  180.0339 1.1657 wind-a0.03_rlen500000_r3
 42  180.0339 1.1657 wind-a0.03_rlen500000_r2
 44  180.0343 1.1864 wind-a0.03_rlen250000_r3
 45  180.0358 1.1657 wind-a0.03_rlen500000_r4
 46  180.0374 1.1657 wind-a0.03_rlen100000_r3
 47  180.0416 1.1657 wind-a0.005_rlen500000_r3
 48  180.0432 1.1657 wind-a0.04_rlen100000_r3
 49  180.0447 1.1864 wind-a0.01_rlen500000_r4
 50  180.0460 1.1657 wind-a0.04_rlen100000_r2
 51  180.0468 1.1864 wind-a0.005_rlen100000_r2
 52  180.0468 1.1864 wind-a0.04_rlen250000_r4
 53  180.0480 1.1243 wind-a0.05_rlen1000000_r4
 54  180.0578 1.1864 wind-a0.01_rlen100000_r3
 55  180.0595 1.1864 wind-a0.01_rlen250000_r4
 56  180.0706 1.1657 wind-a0.05_rlen100000_r4
 57  180.0789 1.1864 wind-a0.04_rlen100000_r4
 58  180.0804 1.1864 wind-a0.005_rlen500000_r4
 59  180.0878 1.1864 wind-a0.05_rlen100000_r2
 60  180.0896 1.1864 wind-a0.02_rlen100000_r4
 61  180.0960 1.1243 wind-a0.04_rlen500000_r3
 62  180.1080 1.1864 wind-a0.005_rlen250000_r3
 63  180.1124 1.1864 wind-a0.03_rlen100000_r4
 64  180.1202 1.1243 wind-a0.01_rlen250000_r3
 65  180.1294 1.1243 wind-a0.02_rlen50000_r2
 66  180.1403 1.1450 wind-a0.02_rlen100000_r2
 67  180.1479 1.1657 wind-a0.02_rlen100000_r3
 68  180.1486 1.1657 wind-a0.01_rlen50000_r2
 69  180.1559 1.1243 wind-a0.03_rlen50000_r2
 70  180.1573 1.1450 wind-a0.05_rlen100000_r3
 71  180.1611 1.1864 wind-a0.05_rlen50000_r2
 72  180.1887 1.1243 wind-a0.04_rlen50000_r2
 73  180.1942 1.1864 wind-a0.02_rlen50000_r3
 74  180.2107 1.1657 wind-a0.05_rlen50000_r3
 75  180.2127 1.1864 wind-a0.04_rlen50000_r4
 76  180.2144 1.1657 wind-a0.03_rlen50000_r3
 77  180.2186 1.1864 wind-a0.005_rlen50000_r2
 78  180.2287 1.1864 wind-a0.05_rlen50000_r4
 79  180.2328 1.1864 wind-a0.005_rlen100000_r3
 80  180.2360 1.1864 wind-a0.005_rlen250000_r4
 81  180.2458 1.1657 wind-a0.04_rlen50000_r3
 82  180.2571 1.1657 wind-a0.03_rlen50000_r4
 83  180.2660 1.1243 wind-a0.01_rlen1000000_r3
 84  180.2679 1.1450 wind-a0.03_rlen10000_r2
 85  180.2714 1.1864 wind-a0.01_rlen100000_r4
 86  180.2736 1.2071 wind-a0.01_rlen50000_r3
 87  180.3492 1.2071 wind-a0.02_rlen50000_r4
 88  180.4169 1.1450 wind-a0.02_rlen10000_r2
 89  180.4580 1.1243 wind-a0.05_rlen10000_r2
 90  180.5124 1.1864 wind-a0.01_rlen10000_r2
 91  180.5430 1.1450 wind-a0.04_rlen10000_r2
 92  180.6487 1.2071 wind-a0.03_rlen10000_r3
 93  180.7136 1.2071 wind-a0.005_rlen50000_r3
 94  180.7418 1.1657 wind-a0.04_rlen10000_r3
 95  180.7666 1.1864 wind-a0.05_rlen10000_r3
 96  180.8540 1.2071 wind-a0.005_rlen100000_r4
 97  180.8720 1.2071 wind-a0.01_rlen50000_r4
 98  180.9121 1.2071 wind-a0.02_rlen10000_r3
 99  181.0590 1.2071 wind-a0.005_rlen10000_r2
100  181.1762 1.1243 wind-a0.05_rlen10000_r4
101  181.3805 1.1243 wind-a0.04_rlen10000_r4
102  182.3067 1.2071 wind-a0.03_rlen10000_r4
103  182.4899 1.2071 wind-a0.005_rlen50000_r4
104  182.7732 1.2278 wind-a0.01_rlen10000_r3
105  183.4551 1.2278 wind-a0.02_rlen10000_r4
106  185.4542 1.1864 wind-a0.005_rlen10000_r3
107  186.0737 1.1657 wind-a0.01_rlen10000_r4
108  189.5827 1.1243 wind-a0.005_rlen10000_r4
