1.207107 1.186396 1.124264
1.186396 1.207107 1.207107
1.186396 1.186396 1.207107
1.165685 1.186396 1.186396
1.165685 1.165685 1.186396
1.165685 1.165685 1.186396

1.186396 1.227817 1.165685
1.165685 1.207107 1.207107
1.165685 1.186396 1.186396
1.165685 1.124264 1.186396
1.165685 1.165685 1.186396
1.165685 1.124264 1.165685

1.144975 1.207107 1.227817
1.124264 1.186396 1.207107
1.144975 1.165685 1.186396
1.165685 1.165685 1.186396
1.165685 1.165685 1.165685
1.165685 1.165685 1.165685

1.144975 1.207107 1.207107
1.124264 1.165685 1.165685
1.186396 1.165685 1.186396
1.165685 1.186396 1.186396
1.165685 1.165685 1.165685
1.165685 1.165685 1.165685

1.144975 1.165685 1.124264
1.124264 1.165685 1.186396
1.165685 1.165685 1.186396
1.186396 1.186396 1.186396
1.165685 1.124264 1.124264
1.165685 1.165685 1.144975

1.124264 1.186396 1.124264
1.186396 1.165685 1.186396
1.186396 1.144975 1.165685
1.186396 1.186396 1.186396
1.165685 1.165685 1.165685
1.165685 1.165685 1.124264

