173.327245 179.354884 183.156002 186.370944
169.853860 172.740966 175.519226 177.646254
168.981488 170.359427 172.608785 174.928001
168.817508 168.818429 170.122475 171.703622
168.856591 168.811093 169.234137 170.045064
168.895437 168.648945 168.886207 169.931498

171.375735 176.337562 179.939735 182.453829
168.784127 169.612138 172.205598 174.876138
169.139363 169.754305 171.377959 171.362790
168.645168 168.797910 168.854315 171.754543
168.760358 168.847775 168.942198 168.830070
169.256302 168.651035 168.856788 168.692850

169.581612 173.576594 176.982492 179.213183
169.300186 170.169102 171.225838 173.274617
168.470778 170.187655 169.355505 169.593978
168.780722 168.963638 168.664735 169.638731
168.459220 168.461755 168.929884 168.741649
168.492488 169.670023 168.235089 168.644681

170.727908 173.205619 175.233092 177.220095
168.824493 170.028653 169.923075 169.205008
167.978860 169.892239 168.495354 170.032802
168.134230 169.660068 168.455267 169.865956
168.954274 168.424452 168.724483 168.327804
168.193926 169.640832 168.737624 168.236372

169.719319 171.708806 174.238452 176.108816
168.311486 169.111517 169.658495 170.179905
167.671171 169.667177 168.374803 168.935379
168.129708 168.276469 168.697775 169.687645
168.188845 168.237469 168.268160 168.183351
168.188090 168.463452 168.187945 168.177597

169.457709 171.948779 173.487686 174.680050
168.303063 169.395654 169.308164 171.621058
167.704636 169.784903 168.974224 168.553166
168.271140 168.466474 168.231198 168.337241
168.180453 168.134706 168.215014 168.498055
168.180950 168.483516 168.190791 168.222651

