  1  167.6712 1.1243 wind-a0.04_rlen100000_r2
  2  167.7046 1.1243 wind-a0.05_rlen100000_r2
  3  167.9789 1.1105 wind-a0.03_rlen100000_r2
  4  168.1297 1.0690 wind-a0.04_rlen250000_r2
  5  168.1342 1.0690 wind-a0.03_rlen250000_r2
  6  168.1347 1.0690 wind-a0.05_rlen500000_r3
  7  168.1776 1.0690 wind-a0.04_rlen1000000_r5
  8  168.1805 1.0967 wind-a0.05_rlen500000_r2
  9  168.1810 1.0967 wind-a0.05_rlen1000000_r2
 10  168.1833 1.0690 wind-a0.04_rlen500000_r5
 11  168.1879 1.0690 wind-a0.04_rlen1000000_r4
 12  168.1881 1.0967 wind-a0.04_rlen1000000_r2
 13  168.1888 1.0967 wind-a0.04_rlen500000_r2
 14  168.1908 1.0690 wind-a0.05_rlen1000000_r4
 15  168.1939 1.0690 wind-a0.03_rlen1000000_r2
 16  168.2150 1.0690 wind-a0.05_rlen500000_r4
 17  168.2227 1.0690 wind-a0.05_rlen1000000_r5
 18  168.2312 1.0690 wind-a0.05_rlen250000_r4
 19  168.2351 1.0690 wind-a0.02_rlen1000000_r4
 20  168.2364 1.0690 wind-a0.03_rlen1000000_r5
 21  168.2375 1.0690 wind-a0.04_rlen500000_r3
 22  168.2682 1.0690 wind-a0.04_rlen500000_r4
 23  168.2711 1.0690 wind-a0.05_rlen250000_r2
 24  168.2765 1.0690 wind-a0.04_rlen250000_r3
 25  168.3031 1.0690 wind-a0.05_rlen50000_r2
 26  168.3115 1.0690 wind-a0.04_rlen50000_r2
 27  168.3278 1.0552 wind-a0.03_rlen500000_r5
 28  168.3372 1.0552 wind-a0.05_rlen250000_r5
 29  168.3748 1.0552 wind-a0.04_rlen100000_r4
 30  168.4245 1.1105 wind-a0.03_rlen500000_r3
 31  168.4553 1.0690 wind-a0.03_rlen250000_r4
 32  168.4592 1.1381 wind-a0.02_rlen500000_r2
 33  168.4618 1.1381 wind-a0.02_rlen500000_r3
 34  168.4635 1.1381 wind-a0.04_rlen1000000_r3
 35  168.4665 1.1105 wind-a0.05_rlen250000_r3
 36  168.4708 1.1381 wind-a0.02_rlen100000_r2
 37  168.4835 1.1381 wind-a0.05_rlen1000000_r3
 38  168.4925 1.1381 wind-a0.02_rlen1000000_r2
 39  168.4954 1.0967 wind-a0.03_rlen100000_r4
 40  168.4981 1.1381 wind-a0.05_rlen500000_r5
 41  168.5532 1.0967 wind-a0.05_rlen100000_r5
 42  168.6447 1.1519 wind-a0.02_rlen1000000_r5
 43  168.6452 1.1243 wind-a0.01_rlen250000_r2
 44  168.6489 1.1519 wind-a0.005_rlen1000000_r3
 45  168.6510 1.1381 wind-a0.01_rlen1000000_r3
 46  168.6647 1.0828 wind-a0.02_rlen250000_r4
 47  168.6929 1.0828 wind-a0.01_rlen1000000_r5
 48  168.6978 1.0828 wind-a0.04_rlen250000_r4
 49  168.7245 1.1381 wind-a0.03_rlen500000_r4
 50  168.7376 1.1519 wind-a0.03_rlen1000000_r4
 51  168.7417 1.1381 wind-a0.02_rlen500000_r5
 52  168.7604 1.1381 wind-a0.01_rlen500000_r2
 53  168.7807 1.0690 wind-a0.02_rlen250000_r2
 54  168.7841 1.1381 wind-a0.01_rlen50000_r2
 55  168.7979 1.1381 wind-a0.01_rlen250000_r3
 56  168.8111 1.0967 wind-a0.005_rlen500000_r3
 57  168.8175 1.1105 wind-a0.005_rlen250000_r2
 58  168.8184 1.0967 wind-a0.005_rlen250000_r3
 59  168.8245 1.1243 wind-a0.03_rlen50000_r2
 60  168.8301 1.0967 wind-a0.01_rlen500000_r5
 61  168.8478 1.1105 wind-a0.01_rlen500000_r3
 62  168.8543 1.0967 wind-a0.01_rlen250000_r4
 63  168.8566 1.1105 wind-a0.005_rlen500000_r2
 64  168.8568 1.1105 wind-a0.01_rlen1000000_r4
 65  168.8862 1.0967 wind-a0.005_rlen1000000_r4
 66  168.8954 1.1105 wind-a0.005_rlen1000000_r2
 67  168.9299 1.0828 wind-a0.02_rlen500000_r4
 68  168.9354 1.0967 wind-a0.04_rlen100000_r5
 69  168.9422 1.0967 wind-a0.01_rlen500000_r4
 70  168.9543 1.0690 wind-a0.03_rlen500000_r2
 71  168.9636 1.1243 wind-a0.02_rlen250000_r3
 72  168.9742 1.0967 wind-a0.05_rlen100000_r4
 73  168.9815 1.0967 wind-a0.005_rlen100000_r2
 74  169.1115 1.1519 wind-a0.04_rlen50000_r3
 75  169.1394 1.1105 wind-a0.01_rlen100000_r2
 76  169.2050 1.0967 wind-a0.03_rlen50000_r5
 77  169.2341 1.0828 wind-a0.005_rlen500000_r4
 78  169.2563 1.1243 wind-a0.01_rlen1000000_r2
 79  169.3002 1.1105 wind-a0.02_rlen50000_r2
 80  169.3082 1.0828 wind-a0.05_rlen50000_r4
 81  169.3555 1.1105 wind-a0.02_rlen100000_r4
 82  169.3957 1.1381 wind-a0.05_rlen50000_r3
 83  169.4577 1.1933 wind-a0.05_rlen10000_r2
 84  169.5816 1.0967 wind-a0.02_rlen10000_r2
 85  169.5940 1.0690 wind-a0.02_rlen100000_r5
 86  169.6121 1.0828 wind-a0.01_rlen50000_r3
 87  169.6387 1.0690 wind-a0.02_rlen250000_r5
 88  169.6408 1.0967 wind-a0.03_rlen1000000_r3
 89  169.6585 1.0967 wind-a0.04_rlen50000_r4
 90  169.6601 1.0967 wind-a0.03_rlen250000_r3
 91  169.6672 1.1381 wind-a0.04_rlen100000_r3
 92  169.6700 1.0967 wind-a0.02_rlen1000000_r3
 93  169.6877 1.1105 wind-a0.04_rlen250000_r5
 94  169.7193 1.0967 wind-a0.04_rlen10000_r2
 95  169.7543 1.0828 wind-a0.01_rlen100000_r3
 96  169.7849 1.1105 wind-a0.05_rlen100000_r3
 97  169.8539 1.0690 wind-a0.005_rlen50000_r2
 98  169.8660 1.1243 wind-a0.03_rlen250000_r5
 99  169.8922 1.1105 wind-a0.03_rlen100000_r3
100  169.9231 1.0690 wind-a0.03_rlen50000_r4
101  169.9315 1.0967 wind-a0.005_rlen1000000_r5
102  170.0287 1.1105 wind-a0.03_rlen50000_r3
103  170.0328 1.0828 wind-a0.03_rlen100000_r5
104  170.0451 1.0828 wind-a0.005_rlen500000_r5
105  170.1225 1.0828 wind-a0.005_rlen250000_r4
106  170.1691 1.1105 wind-a0.02_rlen50000_r3
107  170.1799 1.0828 wind-a0.04_rlen50000_r5
108  170.1877 1.1105 wind-a0.02_rlen100000_r3
109  170.3594 1.0828 wind-a0.005_rlen100000_r3
110  170.7279 1.1657 wind-a0.03_rlen10000_r2
111  171.2258 1.0552 wind-a0.02_rlen50000_r4
112  171.3628 1.1243 wind-a0.01_rlen100000_r5
113  171.3757 1.0828 wind-a0.01_rlen10000_r2
114  171.3780 1.0690 wind-a0.01_rlen100000_r4
115  171.6211 1.0967 wind-a0.05_rlen50000_r5
116  171.7036 1.0967 wind-a0.005_rlen250000_r5
117  171.7088 1.0967 wind-a0.04_rlen10000_r3
118  171.7545 1.0690 wind-a0.01_rlen250000_r5
119  171.9488 1.1105 wind-a0.05_rlen10000_r3
120  172.2056 1.1243 wind-a0.01_rlen50000_r4
121  172.6088 1.1243 wind-a0.005_rlen100000_r4
122  172.7410 1.1105 wind-a0.005_rlen50000_r3
123  173.2056 1.1105 wind-a0.03_rlen10000_r3
124  173.2746 1.0967 wind-a0.02_rlen50000_r5
125  173.3272 1.1381 wind-a0.005_rlen10000_r2
126  173.4877 1.0967 wind-a0.05_rlen10000_r4
127  173.5766 1.1381 wind-a0.02_rlen10000_r3
128  174.2384 1.1381 wind-a0.04_rlen10000_r4
129  174.6801 1.1519 wind-a0.05_rlen10000_r5
130  174.8761 1.1243 wind-a0.01_rlen50000_r5
131  174.9280 1.1243 wind-a0.005_rlen100000_r5
132  175.2331 1.1519 wind-a0.03_rlen10000_r4
133  175.5192 1.1519 wind-a0.005_rlen50000_r4
134  176.1088 1.1243 wind-a0.04_rlen10000_r5
135  176.3376 1.1381 wind-a0.01_rlen10000_r3
136  176.9825 1.1243 wind-a0.02_rlen10000_r4
137  177.2201 1.0967 wind-a0.03_rlen10000_r5
138  177.6463 1.0828 wind-a0.005_rlen50000_r5
139  179.2132 1.0828 wind-a0.02_rlen10000_r5
140  179.3549 1.1243 wind-a0.005_rlen10000_r3
141  179.9397 1.1243 wind-a0.01_rlen10000_r4
142  182.4538 1.1105 wind-a0.01_rlen10000_r5
143  183.1560 1.1105 wind-a0.005_rlen10000_r4
144  186.3709 1.1243 wind-a0.005_rlen10000_r5
