1.138071 1.124264 1.110457 1.124264
1.069036 1.110457 1.151878 1.082843
1.096650 1.082843 1.124264 1.124264
1.110457 1.096650 1.082843 1.096650
1.110457 1.096650 1.082843 1.082843
1.110457 1.151878 1.096650 1.096650

1.082843 1.138071 1.124264 1.110457
1.138071 1.082843 1.124264 1.124264
1.110457 1.082843 1.069036 1.124264
1.124264 1.138071 1.096650 1.069036
1.138071 1.110457 1.096650 1.096650
1.124264 1.138071 1.110457 1.082843

1.096650 1.138071 1.124264 1.082843
1.110457 1.110457 1.055228 1.096650
1.138071 1.110457 1.110457 1.069036
1.069036 1.124264 1.082843 1.069036
1.138071 1.138071 1.082843 1.138071
1.138071 1.096650 1.069036 1.151878

1.165685 1.110457 1.151878 1.096650
1.124264 1.110457 1.069036 1.096650
1.110457 1.110457 1.096650 1.082843
1.069036 1.096650 1.069036 1.124264
1.069036 1.110457 1.138071 1.055228
1.069036 1.096650 1.151878 1.069036

1.096650 1.096650 1.138071 1.124264
1.069036 1.151878 1.096650 1.082843
1.124264 1.138071 1.055228 1.096650
1.069036 1.069036 1.082843 1.110457
1.096650 1.069036 1.069036 1.069036
1.096650 1.138071 1.069036 1.069036

1.193300 1.110457 1.096650 1.151878
1.069036 1.138071 1.082843 1.096650
1.124264 1.110457 1.096650 1.096650
1.069036 1.110457 1.069036 1.055228
1.096650 1.069036 1.069036 1.138071
1.096650 1.138071 1.069036 1.069036

