178.003746 182.698696 186.837976
174.960017 177.465832 179.684002
174.539280 176.349731 177.524814
173.615025 175.364963 175.579967
173.492995 175.310989 175.324048
173.398448 175.348344 175.304760

176.364776 180.153001 183.248303
175.282409 176.546792 177.816225
175.341701 176.127587 176.029429
175.219909 174.008299 175.425166
173.524327 175.319267 175.373675
174.256892 175.340811 174.315377

175.610637 178.397951 180.776511
174.879491 175.384892 176.446068
174.383837 175.311217 175.414756
174.545054 175.284002 175.324441
174.726863 175.240108 175.363100
174.042425 175.154615 174.260555

175.022517 177.244661 179.500538
174.779450 174.738431 175.655898
174.259727 174.942219 175.298303
173.556560 174.233899 175.350621
174.187065 174.270737 175.268108
174.507988 174.242074 173.552959

175.282181 176.246585 178.708609
174.170385 175.159272 175.339342
174.067984 174.330795 175.325145
173.583330 174.240211 173.702566
174.789528 174.788514 173.935203
174.726138 174.726138 174.219329

175.299007 176.922392 177.750310
173.642508 175.056064 175.312873
174.759023 174.732512 174.651987
174.769081 174.635410 174.553891
173.554667 174.791577 173.496026
174.774069 174.728994 174.728994

