  1  173.3985 1.1726 wind-a0.005_rlen1000000_r2
  2  173.4930 1.1726 wind-a0.005_rlen500000_r2
  3  173.4960 1.1381 wind-a0.05_rlen500000_r4
  4  173.5243 1.1726 wind-a0.01_rlen500000_r2
  5  173.5530 1.1726 wind-a0.03_rlen1000000_r4
  6  173.5547 1.1726 wind-a0.05_rlen500000_r2
  7  173.5566 1.1898 wind-a0.03_rlen250000_r2
  8  173.5833 1.1726 wind-a0.04_rlen250000_r2
  9  173.6150 1.1553 wind-a0.005_rlen250000_r2
 10  173.6425 1.1726 wind-a0.05_rlen50000_r2
 11  173.7026 1.1381 wind-a0.04_rlen250000_r4
 12  173.9352 1.1553 wind-a0.04_rlen500000_r4
 13  174.0083 1.1553 wind-a0.01_rlen250000_r3
 14  174.0424 1.1726 wind-a0.02_rlen1000000_r2
 15  174.0680 1.1553 wind-a0.04_rlen100000_r2
 16  174.1704 1.1726 wind-a0.04_rlen50000_r2
 17  174.1871 1.1726 wind-a0.03_rlen500000_r2
 18  174.2193 1.1726 wind-a0.04_rlen1000000_r4
 19  174.2339 1.1898 wind-a0.03_rlen250000_r3
 20  174.2402 1.1898 wind-a0.04_rlen250000_r3
 21  174.2421 1.1726 wind-a0.03_rlen1000000_r3
 22  174.2569 1.1726 wind-a0.01_rlen1000000_r2
 23  174.2597 1.1726 wind-a0.03_rlen100000_r2
 24  174.2606 1.1726 wind-a0.02_rlen1000000_r4
 25  174.2707 1.1726 wind-a0.03_rlen500000_r3
 26  174.3154 1.1898 wind-a0.01_rlen1000000_r4
 27  174.3308 1.1381 wind-a0.04_rlen100000_r3
 28  174.3838 1.1553 wind-a0.02_rlen100000_r2
 29  174.5080 1.1381 wind-a0.03_rlen1000000_r2
 30  174.5393 1.1036 wind-a0.005_rlen100000_r2
 31  174.5451 1.1381 wind-a0.02_rlen250000_r2
 32  174.5539 1.1381 wind-a0.05_rlen250000_r4
 33  174.6354 1.1381 wind-a0.05_rlen250000_r3
 34  174.6520 1.0690 wind-a0.05_rlen100000_r4
 35  174.7261 1.1208 wind-a0.04_rlen1000000_r3
 35  174.7261 1.1208 wind-a0.04_rlen1000000_r2
 37  174.7269 1.1208 wind-a0.02_rlen500000_r2
 38  174.7290 1.1208 wind-a0.05_rlen1000000_r4
 38  174.7290 1.1208 wind-a0.05_rlen1000000_r3
 40  174.7325 1.1208 wind-a0.05_rlen100000_r3
 41  174.7384 1.1036 wind-a0.03_rlen50000_r3
 42  174.7590 1.1208 wind-a0.05_rlen100000_r2
 43  174.7691 1.1208 wind-a0.05_rlen250000_r2
 44  174.7741 1.1208 wind-a0.05_rlen1000000_r2
 45  174.7794 1.1381 wind-a0.03_rlen50000_r2
 46  174.7885 1.1381 wind-a0.04_rlen500000_r3
 47  174.7895 1.1381 wind-a0.04_rlen500000_r2
 48  174.7916 1.1381 wind-a0.05_rlen500000_r3
 49  174.8795 1.1208 wind-a0.02_rlen50000_r2
 50  174.9422 1.1036 wind-a0.03_rlen100000_r3
 51  174.9600 1.0863 wind-a0.005_rlen50000_r2
 52  175.0225 1.1381 wind-a0.03_rlen10000_r2
 53  175.0561 1.0863 wind-a0.05_rlen50000_r3
 54  175.1546 1.0690 wind-a0.02_rlen1000000_r3
 55  175.1593 1.0863 wind-a0.04_rlen50000_r3
 56  175.2199 1.0690 wind-a0.01_rlen250000_r2
 57  175.2401 1.0690 wind-a0.02_rlen500000_r3
 58  175.2681 1.0690 wind-a0.03_rlen500000_r4
 59  175.2822 1.0690 wind-a0.04_rlen10000_r2
 60  175.2824 1.0518 wind-a0.01_rlen50000_r2
 61  175.2840 1.0690 wind-a0.02_rlen250000_r3
 62  175.2983 1.0690 wind-a0.03_rlen100000_r4
 63  175.2990 1.0863 wind-a0.05_rlen10000_r2
 64  175.3048 1.0690 wind-a0.005_rlen1000000_r4
 65  175.3110 1.0690 wind-a0.005_rlen500000_r3
 66  175.3112 1.0690 wind-a0.02_rlen100000_r3
 67  175.3129 1.0690 wind-a0.05_rlen50000_r4
 68  175.3193 1.0690 wind-a0.01_rlen500000_r3
 69  175.3241 1.0863 wind-a0.005_rlen500000_r4
 70  175.3244 1.0690 wind-a0.02_rlen250000_r4
 71  175.3251 1.0690 wind-a0.04_rlen100000_r4
 72  175.3393 1.0690 wind-a0.04_rlen50000_r4
 73  175.3408 1.0690 wind-a0.01_rlen1000000_r3
 74  175.3417 1.0518 wind-a0.01_rlen100000_r2
 75  175.3483 1.0690 wind-a0.005_rlen1000000_r3
 76  175.3506 1.0518 wind-a0.03_rlen250000_r4
 77  175.3631 1.0518 wind-a0.02_rlen500000_r4
 78  175.3650 1.0863 wind-a0.005_rlen250000_r3
 79  175.3737 1.0690 wind-a0.01_rlen500000_r4
 80  175.3849 1.0690 wind-a0.02_rlen50000_r3
 81  175.4147 1.0518 wind-a0.02_rlen100000_r4
 82  175.4252 1.0863 wind-a0.01_rlen250000_r4
 83  175.5800 1.0863 wind-a0.005_rlen250000_r4
 84  175.6106 1.0863 wind-a0.02_rlen10000_r2
 85  175.6559 1.1036 wind-a0.03_rlen50000_r4
 86  176.0294 1.1553 wind-a0.01_rlen100000_r4
 87  176.1276 1.1726 wind-a0.01_rlen100000_r3
 88  176.2466 1.0863 wind-a0.04_rlen10000_r3
 89  176.3497 1.1381 wind-a0.005_rlen100000_r3
 90  176.3648 1.1036 wind-a0.01_rlen10000_r2
 91  176.4461 1.1208 wind-a0.02_rlen50000_r4
 92  176.5468 1.1381 wind-a0.01_rlen50000_r3
 93  176.9224 1.1553 wind-a0.05_rlen10000_r3
 94  177.2447 1.1553 wind-a0.03_rlen10000_r3
 95  177.4658 1.1553 wind-a0.005_rlen50000_r3
 96  177.5248 1.1726 wind-a0.005_rlen100000_r4
 97  177.7503 1.1036 wind-a0.05_rlen10000_r4
 98  177.8162 1.1553 wind-a0.01_rlen50000_r4
 99  178.0037 1.1381 wind-a0.005_rlen10000_r2
100  178.3979 1.1381 wind-a0.02_rlen10000_r3
101  178.7086 1.0863 wind-a0.04_rlen10000_r4
102  179.5005 1.0863 wind-a0.03_rlen10000_r4
103  179.6840 1.2071 wind-a0.005_rlen50000_r4
104  180.1530 1.1036 wind-a0.01_rlen10000_r3
105  180.7765 1.0863 wind-a0.02_rlen10000_r4
106  182.6987 1.0863 wind-a0.005_rlen10000_r3
107  183.2483 1.1208 wind-a0.01_rlen10000_r4
108  186.8380 1.1036 wind-a0.005_rlen10000_r4
