1.138071 1.086294 1.103553
1.086294 1.155330 1.207107
1.103553 1.138071 1.172589
1.155330 1.086294 1.086294
1.172589 1.069036 1.086294
1.172589 1.069036 1.069036

1.103553 1.103553 1.120812
1.051777 1.138071 1.155330
1.051777 1.172589 1.155330
1.069036 1.155330 1.086294
1.172589 1.069036 1.069036
1.172589 1.069036 1.189848

1.086294 1.138071 1.086294
1.120812 1.069036 1.120812
1.155330 1.069036 1.051777
1.138071 1.069036 1.069036
1.120812 1.069036 1.051777
1.172589 1.069036 1.172589

1.138071 1.155330 1.086294
1.138071 1.103553 1.103553
1.172589 1.103553 1.069036
1.189848 1.189848 1.051777
1.172589 1.172589 1.069036
1.138071 1.172589 1.172589

1.069036 1.086294 1.086294
1.172589 1.086294 1.069036
1.155330 1.138071 1.069036
1.172589 1.189848 1.138071
1.138071 1.138071 1.155330
1.120812 1.120812 1.172589

1.086294 1.155330 1.103553
1.172589 1.086294 1.069036
1.120812 1.120812 1.069036
1.120812 1.138071 1.138071
1.172589 1.138071 1.138071
1.120812 1.120812 1.120812

