166.285482 172.822310 176.964425 179.991453 182.417467
160.842819 164.076231 168.903197 171.046565 173.878187
160.201283 162.257099 163.637086 166.652028 169.610668
160.335741 160.940935 162.088618 162.120882 163.994599
159.580671 160.057750 160.963514 160.419826 161.367312
159.489880 159.482616 159.592767 160.392125 160.061765

162.294319 168.629667 173.534085 176.386631 178.438286
160.500952 160.778435 164.561941 166.097248 169.722630
160.101707 160.154129 161.035689 164.322661 165.507502
159.635130 160.103373 161.076769 161.779025 161.310286
159.081291 159.768377 160.625279 160.038535 160.147899
159.507999 159.738711 159.772951 160.031498 159.914994

160.481892 163.868233 169.119267 172.692457 175.062955
159.836165 160.224710 161.030784 164.000228 165.368843
159.962355 159.755743 160.157274 162.144381 162.203311
159.326583 159.857750 160.460668 161.099876 160.834561
159.792663 159.938866 159.981178 159.898220 160.677483
159.285358 159.589507 159.574027 159.466453 160.495085

160.461620 162.387407 166.086817 170.480101 173.293833
159.828984 160.053425 160.382657 162.462024 163.228084
159.505288 159.723479 159.884603 161.124669 161.009851
158.216163 160.157078 159.677680 160.016608 160.553880
158.661403 158.587614 159.731291 159.927266 159.978311
159.688762 158.550983 158.790977 159.147072 159.644661

160.433858 161.277049 164.771440 169.525797 172.464394
159.721927 159.983009 161.209002 161.009551 161.768191
159.564125 159.715935 159.887086 159.856716 161.285948
159.012448 159.244474 159.641080 159.912769 159.642146
158.489963 158.809044 159.714725 158.977577 159.761062
158.659685 159.535161 158.792198 159.860286 159.274855

159.982502 161.213814 163.715646 168.456985 171.458827
159.137210 159.791173 160.942498 160.514714 162.680122
158.362955 159.098893 159.846502 160.014425 160.474017
158.228332 159.642715 159.842115 159.817032 159.635161
157.977856 159.572548 158.808847 159.766629 160.276904
157.985296 158.481664 159.566836 159.534551 159.213431

