  1  157.9779 1.1466 wind-a0.05_rlen500000_r2
  2  157.9853 1.1466 wind-a0.05_rlen1000000_r2
  3  158.2162 1.1725 wind-a0.03_rlen250000_r2
  4  158.2283 1.1725 wind-a0.05_rlen250000_r2
  5  158.3630 1.1552 wind-a0.05_rlen100000_r2
  6  158.4817 1.1638 wind-a0.05_rlen1000000_r3
  7  158.4900 1.1553 wind-a0.04_rlen500000_r2
  8  158.5510 1.1467 wind-a0.03_rlen1000000_r3
  9  158.5876 1.1208 wind-a0.03_rlen500000_r3
 10  158.6597 1.1122 wind-a0.04_rlen1000000_r2
 11  158.6614 1.1726 wind-a0.03_rlen500000_r2
 12  158.7910 1.1208 wind-a0.03_rlen1000000_r4
 13  158.7922 1.1588 wind-a0.04_rlen1000000_r4
 14  158.8089 1.1036 wind-a0.05_rlen500000_r4
 15  158.8091 1.1589 wind-a0.04_rlen500000_r3
 16  158.9776 1.1208 wind-a0.04_rlen500000_r5
 17  159.0125 1.1122 wind-a0.04_rlen250000_r2
 18  159.0813 1.0690 wind-a0.01_rlen500000_r2
 19  159.0989 1.1036 wind-a0.05_rlen100000_r3
 20  159.1372 1.0345 wind-a0.05_rlen50000_r2
 21  159.1471 1.1638 wind-a0.03_rlen1000000_r5
 22  159.2134 1.1036 wind-a0.05_rlen1000000_r6
 23  159.2445 1.1293 wind-a0.04_rlen250000_r3
 24  159.2749 1.0777 wind-a0.04_rlen1000000_r6
 25  159.2854 1.0431 wind-a0.02_rlen1000000_r2
 26  159.3266 1.0863 wind-a0.02_rlen250000_r2
 27  159.4664 1.0949 wind-a0.02_rlen1000000_r5
 28  159.4826 1.0777 wind-a0.005_rlen1000000_r3
 29  159.4899 1.1036 wind-a0.005_rlen1000000_r2
 30  159.5053 1.1122 wind-a0.03_rlen100000_r2
 31  159.5080 1.0690 wind-a0.01_rlen1000000_r2
 32  159.5345 1.0690 wind-a0.05_rlen1000000_r5
 33  159.5352 1.0863 wind-a0.04_rlen1000000_r3
 34  159.5641 1.1675 wind-a0.04_rlen100000_r2
 35  159.5668 1.1036 wind-a0.05_rlen1000000_r4
 36  159.5726 1.0863 wind-a0.05_rlen500000_r3
 37  159.5740 1.0949 wind-a0.02_rlen1000000_r4
 38  159.5807 1.0863 wind-a0.005_rlen500000_r2
 39  159.5895 1.0863 wind-a0.02_rlen1000000_r3
 40  159.5928 1.0863 wind-a0.005_rlen1000000_r4
 41  159.6351 1.0949 wind-a0.01_rlen250000_r2
 42  159.6352 1.0949 wind-a0.05_rlen250000_r6
 43  159.6411 1.0863 wind-a0.04_rlen250000_r4
 44  159.6422 1.0949 wind-a0.04_rlen250000_r6
 45  159.6427 1.0812 wind-a0.05_rlen250000_r3
 46  159.6447 1.1036 wind-a0.03_rlen1000000_r6
 47  159.6777 1.1036 wind-a0.03_rlen250000_r4
 48  159.6888 1.0949 wind-a0.03_rlen1000000_r2
 49  159.7147 1.0690 wind-a0.04_rlen500000_r4
 50  159.7159 1.0690 wind-a0.04_rlen100000_r3
 51  159.7219 1.1122 wind-a0.04_rlen50000_r2
 52  159.7235 1.0690 wind-a0.03_rlen100000_r3
 53  159.7313 1.0863 wind-a0.03_rlen500000_r4
 54  159.7387 1.0863 wind-a0.01_rlen1000000_r3
 55  159.7557 1.0777 wind-a0.02_rlen100000_r3
 56  159.7611 1.1071 wind-a0.04_rlen500000_r6
 57  159.7666 1.1036 wind-a0.05_rlen500000_r5
 58  159.7684 1.0690 wind-a0.01_rlen500000_r3
 59  159.7729 1.0949 wind-a0.01_rlen1000000_r4
 60  159.7912 1.0777 wind-a0.05_rlen50000_r3
 61  159.7927 1.0518 wind-a0.02_rlen500000_r2
 62  159.8170 1.0777 wind-a0.05_rlen250000_r5
 63  159.8290 1.0518 wind-a0.03_rlen50000_r2
 64  159.8362 1.1122 wind-a0.02_rlen50000_r2
 65  159.8421 1.0949 wind-a0.05_rlen250000_r4
 66  159.8465 1.0690 wind-a0.05_rlen100000_r4
 67  159.8567 1.0949 wind-a0.04_rlen100000_r5
 68  159.8578 1.0949 wind-a0.02_rlen250000_r3
 69  159.8603 1.0604 wind-a0.04_rlen1000000_r5
 70  159.8846 1.0518 wind-a0.03_rlen100000_r4
 71  159.8871 1.0777 wind-a0.04_rlen100000_r4
 72  159.8982 1.0777 wind-a0.02_rlen500000_r5
 73  159.9128 1.1122 wind-a0.04_rlen250000_r5
 74  159.9150 1.0690 wind-a0.01_rlen1000000_r6
 75  159.9273 1.0777 wind-a0.03_rlen500000_r5
 76  159.9389 1.0863 wind-a0.02_rlen500000_r3
 77  159.9624 1.0604 wind-a0.02_rlen100000_r2
 78  159.9783 1.0777 wind-a0.03_rlen500000_r6
 79  159.9812 1.0863 wind-a0.02_rlen500000_r4
 80  159.9825 1.1208 wind-a0.05_rlen10000_r2
 81  159.9830 1.1036 wind-a0.04_rlen50000_r3
 82  160.0144 1.0777 wind-a0.05_rlen100000_r5
 83  160.0166 1.0690 wind-a0.03_rlen250000_r5
 84  160.0315 1.0690 wind-a0.01_rlen1000000_r5
 85  160.0385 1.0777 wind-a0.01_rlen500000_r5
 86  160.0534 1.0604 wind-a0.03_rlen50000_r3
 87  160.0578 1.0863 wind-a0.005_rlen500000_r3
 88  160.0618 1.0518 wind-a0.005_rlen1000000_r6
 89  160.1017 1.0777 wind-a0.01_rlen100000_r2
 90  160.1034 1.0863 wind-a0.01_rlen250000_r3
 91  160.1479 1.0604 wind-a0.01_rlen500000_r6
 92  160.1541 1.0690 wind-a0.01_rlen100000_r3
 93  160.1571 1.0777 wind-a0.03_rlen250000_r3
 94  160.1573 1.0690 wind-a0.02_rlen100000_r4
 95  160.2013 1.1036 wind-a0.005_rlen100000_r2
 96  160.2247 1.0863 wind-a0.02_rlen50000_r3
 97  160.2769 1.0690 wind-a0.05_rlen500000_r6
 98  160.3357 1.0863 wind-a0.005_rlen250000_r2
 99  160.3827 1.0604 wind-a0.03_rlen50000_r4
100  160.3921 1.0949 wind-a0.005_rlen1000000_r5
101  160.4198 1.0604 wind-a0.005_rlen500000_r5
102  160.4339 1.0777 wind-a0.04_rlen10000_r2
103  160.4607 1.0863 wind-a0.02_rlen250000_r4
104  160.4616 1.0863 wind-a0.03_rlen10000_r2
105  160.4740 1.0949 wind-a0.05_rlen100000_r6
106  160.4819 1.0863 wind-a0.02_rlen10000_r2
107  160.4951 1.1208 wind-a0.02_rlen1000000_r6
108  160.5009 1.0777 wind-a0.01_rlen50000_r2
109  160.5147 1.0863 wind-a0.05_rlen50000_r5
110  160.5539 1.0690 wind-a0.03_rlen250000_r6
111  160.6253 1.0863 wind-a0.01_rlen500000_r4
112  160.6775 1.0777 wind-a0.02_rlen500000_r6
113  160.7784 1.0863 wind-a0.01_rlen50000_r3
114  160.8346 1.0518 wind-a0.02_rlen250000_r6
115  160.8428 1.1122 wind-a0.005_rlen50000_r2
116  160.9409 1.0777 wind-a0.005_rlen250000_r3
117  160.9425 1.0690 wind-a0.05_rlen50000_r4
118  160.9635 1.0949 wind-a0.005_rlen500000_r4
119  161.0096 1.0863 wind-a0.04_rlen50000_r5
120  161.0099 1.0690 wind-a0.03_rlen100000_r6
121  161.0308 1.0777 wind-a0.02_rlen50000_r4
122  161.0357 1.0777 wind-a0.01_rlen100000_r4
123  161.0768 1.0604 wind-a0.01_rlen250000_r4
124  161.0999 1.0777 wind-a0.02_rlen250000_r5
125  161.1247 1.0518 wind-a0.03_rlen100000_r5
126  161.2090 1.0690 wind-a0.04_rlen50000_r4
127  161.2138 1.0690 wind-a0.05_rlen10000_r3
128  161.2771 1.0777 wind-a0.04_rlen10000_r3
129  161.2859 1.0518 wind-a0.04_rlen100000_r6
130  161.3103 1.0690 wind-a0.01_rlen250000_r6
131  161.3673 1.0690 wind-a0.005_rlen500000_r6
132  161.7682 1.0690 wind-a0.04_rlen50000_r6
133  161.7790 1.0690 wind-a0.01_rlen250000_r5
134  162.0886 1.0777 wind-a0.005_rlen250000_r4
135  162.1209 1.0690 wind-a0.005_rlen250000_r5
136  162.1444 1.0863 wind-a0.02_rlen100000_r5
137  162.2033 1.0690 wind-a0.02_rlen100000_r6
138  162.2571 1.0949 wind-a0.005_rlen100000_r3
139  162.2943 1.1122 wind-a0.01_rlen10000_r2
140  162.3874 1.1122 wind-a0.03_rlen10000_r3
141  162.4620 1.0690 wind-a0.03_rlen50000_r5
142  162.6801 1.0863 wind-a0.05_rlen50000_r6
143  163.2281 1.0777 wind-a0.03_rlen50000_r6
144  163.6371 1.1036 wind-a0.005_rlen100000_r4
145  163.7157 1.0949 wind-a0.05_rlen10000_r4
146  163.8682 1.1122 wind-a0.02_rlen10000_r3
147  163.9946 1.0863 wind-a0.005_rlen250000_r6
148  164.0002 1.0949 wind-a0.02_rlen50000_r5
149  164.0762 1.1381 wind-a0.005_rlen50000_r3
150  164.3227 1.1036 wind-a0.01_rlen100000_r5
151  164.5619 1.1208 wind-a0.01_rlen50000_r4
152  164.7714 1.0949 wind-a0.04_rlen10000_r4
153  165.3688 1.1036 wind-a0.02_rlen50000_r6
154  165.5075 1.1208 wind-a0.01_rlen100000_r6
155  166.0868 1.1122 wind-a0.03_rlen10000_r4
156  166.0972 1.1036 wind-a0.01_rlen50000_r5
157  166.2855 1.0949 wind-a0.005_rlen10000_r2
158  166.6520 1.1381 wind-a0.005_rlen100000_r5
159  168.4570 1.1036 wind-a0.05_rlen10000_r5
160  168.6297 1.1553 wind-a0.01_rlen10000_r3
161  168.9032 1.1467 wind-a0.005_rlen50000_r4
162  169.1193 1.1381 wind-a0.02_rlen10000_r4
163  169.5258 1.1208 wind-a0.04_rlen10000_r5
164  169.6107 1.1467 wind-a0.005_rlen100000_r6
165  169.7226 1.1467 wind-a0.01_rlen50000_r6
166  170.4801 1.1467 wind-a0.03_rlen10000_r5
167  171.0466 1.1467 wind-a0.005_rlen50000_r5
168  171.4588 1.1381 wind-a0.05_rlen10000_r6
169  172.4644 1.1208 wind-a0.04_rlen10000_r6
170  172.6925 1.1467 wind-a0.02_rlen10000_r5
171  172.8223 1.1553 wind-a0.005_rlen10000_r3
172  173.2938 1.1381 wind-a0.03_rlen10000_r6
173  173.5341 1.1381 wind-a0.01_rlen10000_r4
174  173.8782 1.1381 wind-a0.005_rlen50000_r6
175  175.0630 1.1467 wind-a0.02_rlen10000_r6
176  176.3866 1.1640 wind-a0.01_rlen10000_r5
177  176.9644 1.1553 wind-a0.005_rlen10000_r4
178  178.4383 1.1294 wind-a0.01_rlen10000_r6
179  179.9915 1.1726 wind-a0.005_rlen10000_r5
180  182.4175 1.1381 wind-a0.005_rlen10000_r6
