1.094924 1.155330 1.155330 1.172589 1.138071
1.112183 1.138071 1.146701 1.146701 1.138071
1.103553 1.094924 1.103554 1.138071 1.146701
1.086295 1.077665 1.077665 1.069036 1.086295
1.086295 1.086295 1.094924 1.060406 1.069036
1.103553 1.077665 1.086295 1.094924 1.051777

1.112183 1.155330 1.138071 1.163960 1.129442
1.077665 1.086295 1.120813 1.103554 1.146701
1.077665 1.069036 1.077665 1.103553 1.120813
1.094924 1.086295 1.060406 1.069036 1.069036
1.069036 1.069036 1.086295 1.077665 1.060406
1.069036 1.086295 1.094924 1.069036 1.069036

1.086295 1.112183 1.138071 1.146701 1.146701
1.112183 1.086295 1.077665 1.094924 1.103554
1.060406 1.077665 1.069036 1.086295 1.069036
1.086295 1.094924 1.086295 1.077665 1.051777
1.051777 1.086295 1.086295 1.077665 1.077665
1.043147 1.086295 1.094924 1.094924 1.120812

1.086295 1.112183 1.112183 1.146701 1.138071
1.051777 1.060406 1.060406 1.069036 1.077665
1.112183 1.069036 1.051777 1.051777 1.069036
1.172452 1.077665 1.103554 1.069036 1.069036
1.172589 1.120812 1.086295 1.077665 1.077665
1.094924 1.146701 1.120812 1.163823 1.103553

1.077665 1.077665 1.094924 1.120812 1.120813
1.112183 1.103553 1.069036 1.086295 1.069036
1.167534 1.069036 1.077665 1.094924 1.051777
1.112183 1.129305 1.086295 1.112183 1.094924
1.155330 1.158905 1.069036 1.120812 1.107128
1.112183 1.086295 1.158768 1.060406 1.077665

1.120812 1.069036 1.094924 1.103554 1.138072
1.034518 1.077665 1.069036 1.086295 1.086295
1.155193 1.103554 1.069036 1.077665 1.094924
1.172452 1.081240 1.094924 1.077665 1.094924
1.146564 1.086295 1.103553 1.103553 1.069036
1.146564 1.163823 1.103553 1.069036 1.103554

